2022-11-08 11:30:44.359 [INFO ] [org.hibernate.validator.internal.util.Version] [background-preinit]- HV000001: Hibernate Validator 6.2.5.Final
2022-11-08 11:30:44.409 [INFO ] [org.springframework.boot.StartupInfoLogger] [main]- Starting LibertyFormApiServerApplication using Java 17.0.3 on Hyeongjun-Kim with PID 70476 (C:\가천_카카오_엔터프라이즈\프로젝트\libertyForm-API-Server\build\classes\java\main started by Hyeongjun Kim in C:\가천_카카오_엔터프라이즈\프로젝트\libertyForm-API-Server)
2022-11-08 11:30:44.417 [INFO ] [org.springframework.boot.SpringApplication] [main]- No active profile set, falling back to 1 default profile: "default"
2022-11-08 11:30:46.088 [INFO ] [org.springframework.data.repository.config.RepositoryConfigurationDelegate] [main]- Bootstrapping Spring Data JPA repositories in DEFAULT mode.
2022-11-08 11:30:46.279 [INFO ] [org.springframework.data.repository.config.RepositoryConfigurationDelegate] [main]- Finished Spring Data repository scanning in 176 ms. Found 11 JPA repository interfaces.
2022-11-08 11:30:47.180 [INFO ] [org.springframework.boot.web.embedded.tomcat.TomcatWebServer] [main]- Tomcat initialized with port(s): 8080 (http)
2022-11-08 11:30:47.192 [INFO ] [org.apache.juli.logging.DirectJDKLog] [main]- Initializing ProtocolHandler ["http-nio-8080"]
2022-11-08 11:30:47.193 [INFO ] [org.apache.juli.logging.DirectJDKLog] [main]- Starting service [Tomcat]
2022-11-08 11:30:47.193 [INFO ] [org.apache.juli.logging.DirectJDKLog] [main]- Starting Servlet engine: [Apache Tomcat/9.0.65]
2022-11-08 11:30:47.414 [INFO ] [org.apache.juli.logging.DirectJDKLog] [main]- Initializing Spring embedded WebApplicationContext
2022-11-08 11:30:47.415 [INFO ] [org.springframework.boot.web.servlet.context.ServletWebServerApplicationContext] [main]- Root WebApplicationContext: initialization completed in 2943 ms
2022-11-08 11:30:47.631 [INFO ] [org.hibernate.jpa.internal.util.LogHelper] [main]- HHH000204: Processing PersistenceUnitInfo [name: default]
2022-11-08 11:30:47.711 [INFO ] [org.hibernate.Version] [main]- HHH000412: Hibernate ORM core version 5.6.11.Final
2022-11-08 11:30:48.004 [INFO ] [org.hibernate.annotations.common.reflection.java.JavaReflectionManager] [main]- HCANN000001: Hibernate Commons Annotations {5.1.2.Final}
2022-11-08 11:30:49.533 [INFO ] [com.zaxxer.hikari.HikariDataSource] [main]- HikariPool-1 - Starting...
2022-11-08 11:30:50.520 [INFO ] [com.zaxxer.hikari.HikariDataSource] [main]- HikariPool-1 - Start completed.
2022-11-08 11:30:50.559 [INFO ] [org.hibernate.dialect.Dialect] [main]- HHH000400: Using dialect: org.hibernate.dialect.MySQL57Dialect
2022-11-08 11:30:52.456 [INFO ] [org.hibernate.engine.transaction.jta.platform.internal.JtaPlatformInitiator] [main]- HHH000490: Using JtaPlatform implementation: [org.hibernate.engine.transaction.jta.platform.internal.NoJtaPlatform]
2022-11-08 11:30:52.467 [INFO ] [org.springframework.orm.jpa.AbstractEntityManagerFactoryBean] [main]- Initialized JPA EntityManagerFactory for persistence unit 'default'
2022-11-08 11:30:53.262 [WARN ] [org.springframework.boot.autoconfigure.orm.jpa.JpaBaseConfiguration$JpaWebConfiguration] [main]- spring.jpa.open-in-view is enabled by default. Therefore, database queries may be performed during view rendering. Explicitly configure spring.jpa.open-in-view to disable this warning
2022-11-08 11:30:53.727 [INFO ] [org.apache.juli.logging.DirectJDKLog] [main]- Starting ProtocolHandler ["http-nio-8080"]
2022-11-08 11:30:53.737 [WARN ] [org.springframework.context.support.AbstractApplicationContext] [main]- Exception encountered during context initialization - cancelling refresh attempt: org.springframework.context.ApplicationContextException: Failed to start bean 'webServerStartStop'; nested exception is org.springframework.boot.web.server.PortInUseException: Port 8080 is already in use
2022-11-08 11:30:53.747 [INFO ] [org.springframework.orm.jpa.AbstractEntityManagerFactoryBean] [main]- Closing JPA EntityManagerFactory for persistence unit 'default'
2022-11-08 11:30:53.749 [INFO ] [com.zaxxer.hikari.HikariDataSource] [main]- HikariPool-1 - Shutdown initiated...
2022-11-08 11:30:53.755 [INFO ] [com.zaxxer.hikari.HikariDataSource] [main]- HikariPool-1 - Shutdown completed.
2022-11-08 11:30:53.756 [INFO ] [org.apache.juli.logging.DirectJDKLog] [main]- Pausing ProtocolHandler ["http-nio-8080"]
2022-11-08 11:30:53.757 [INFO ] [org.apache.juli.logging.DirectJDKLog] [main]- Stopping service [Tomcat]
2022-11-08 11:30:53.761 [INFO ] [org.apache.juli.logging.DirectJDKLog] [main]- Stopping ProtocolHandler ["http-nio-8080"]
2022-11-08 11:30:53.761 [INFO ] [org.apache.juli.logging.DirectJDKLog] [main]- Destroying ProtocolHandler ["http-nio-8080"]
2022-11-08 11:30:53.769 [INFO ] [org.springframework.boot.autoconfigure.logging.ConditionEvaluationReportLoggingListener] [main]- 

Error starting ApplicationContext. To display the conditions report re-run your application with 'debug' enabled.
2022-11-08 11:30:53.790 [ERROR] [org.springframework.boot.diagnostics.LoggingFailureAnalysisReporter] [main]- 

***************************
APPLICATION FAILED TO START
***************************

Description:

Web server failed to start. Port 8080 was already in use.

Action:

Identify and stop the process that's listening on port 8080 or configure this application to listen on another port.

2022-11-08 11:31:04.248 [INFO ] [org.hibernate.validator.internal.util.Version] [background-preinit]- HV000001: Hibernate Validator 6.2.5.Final
2022-11-08 11:31:04.289 [INFO ] [org.springframework.boot.StartupInfoLogger] [main]- Starting LibertyFormApiServerApplication using Java 17.0.3 on Hyeongjun-Kim with PID 57428 (C:\가천_카카오_엔터프라이즈\프로젝트\libertyForm-API-Server\build\classes\java\main started by Hyeongjun Kim in C:\가천_카카오_엔터프라이즈\프로젝트\libertyForm-API-Server)
2022-11-08 11:31:04.295 [INFO ] [org.springframework.boot.SpringApplication] [main]- No active profile set, falling back to 1 default profile: "default"
2022-11-08 11:31:05.231 [INFO ] [org.springframework.data.repository.config.RepositoryConfigurationDelegate] [main]- Bootstrapping Spring Data JPA repositories in DEFAULT mode.
2022-11-08 11:31:05.343 [INFO ] [org.springframework.data.repository.config.RepositoryConfigurationDelegate] [main]- Finished Spring Data repository scanning in 103 ms. Found 11 JPA repository interfaces.
2022-11-08 11:31:05.926 [INFO ] [org.springframework.boot.web.embedded.tomcat.TomcatWebServer] [main]- Tomcat initialized with port(s): 8080 (http)
2022-11-08 11:31:05.935 [INFO ] [org.apache.juli.logging.DirectJDKLog] [main]- Initializing ProtocolHandler ["http-nio-8080"]
2022-11-08 11:31:05.936 [INFO ] [org.apache.juli.logging.DirectJDKLog] [main]- Starting service [Tomcat]
2022-11-08 11:31:05.936 [INFO ] [org.apache.juli.logging.DirectJDKLog] [main]- Starting Servlet engine: [Apache Tomcat/9.0.65]
2022-11-08 11:31:06.064 [INFO ] [org.apache.juli.logging.DirectJDKLog] [main]- Initializing Spring embedded WebApplicationContext
2022-11-08 11:31:06.064 [INFO ] [org.springframework.boot.web.servlet.context.ServletWebServerApplicationContext] [main]- Root WebApplicationContext: initialization completed in 1722 ms
2022-11-08 11:31:06.201 [INFO ] [org.hibernate.jpa.internal.util.LogHelper] [main]- HHH000204: Processing PersistenceUnitInfo [name: default]
2022-11-08 11:31:06.247 [INFO ] [org.hibernate.Version] [main]- HHH000412: Hibernate ORM core version 5.6.11.Final
2022-11-08 11:31:06.406 [INFO ] [org.hibernate.annotations.common.reflection.java.JavaReflectionManager] [main]- HCANN000001: Hibernate Commons Annotations {5.1.2.Final}
2022-11-08 11:31:06.495 [INFO ] [com.zaxxer.hikari.HikariDataSource] [main]- HikariPool-1 - Starting...
2022-11-08 11:31:06.894 [INFO ] [com.zaxxer.hikari.HikariDataSource] [main]- HikariPool-1 - Start completed.
2022-11-08 11:31:06.919 [INFO ] [org.hibernate.dialect.Dialect] [main]- HHH000400: Using dialect: org.hibernate.dialect.MySQL57Dialect
2022-11-08 11:31:08.219 [INFO ] [org.hibernate.engine.transaction.jta.platform.internal.JtaPlatformInitiator] [main]- HHH000490: Using JtaPlatform implementation: [org.hibernate.engine.transaction.jta.platform.internal.NoJtaPlatform]
2022-11-08 11:31:08.228 [INFO ] [org.springframework.orm.jpa.AbstractEntityManagerFactoryBean] [main]- Initialized JPA EntityManagerFactory for persistence unit 'default'
2022-11-08 11:31:08.978 [WARN ] [org.springframework.boot.autoconfigure.orm.jpa.JpaBaseConfiguration$JpaWebConfiguration] [main]- spring.jpa.open-in-view is enabled by default. Therefore, database queries may be performed during view rendering. Explicitly configure spring.jpa.open-in-view to disable this warning
2022-11-08 11:31:09.336 [INFO ] [org.apache.juli.logging.DirectJDKLog] [main]- Starting ProtocolHandler ["http-nio-8080"]
2022-11-08 11:31:09.340 [WARN ] [org.springframework.context.support.AbstractApplicationContext] [main]- Exception encountered during context initialization - cancelling refresh attempt: org.springframework.context.ApplicationContextException: Failed to start bean 'webServerStartStop'; nested exception is org.springframework.boot.web.server.PortInUseException: Port 8080 is already in use
2022-11-08 11:31:09.347 [INFO ] [org.springframework.orm.jpa.AbstractEntityManagerFactoryBean] [main]- Closing JPA EntityManagerFactory for persistence unit 'default'
2022-11-08 11:31:09.348 [INFO ] [com.zaxxer.hikari.HikariDataSource] [main]- HikariPool-1 - Shutdown initiated...
2022-11-08 11:31:09.353 [INFO ] [com.zaxxer.hikari.HikariDataSource] [main]- HikariPool-1 - Shutdown completed.
2022-11-08 11:31:09.354 [INFO ] [org.apache.juli.logging.DirectJDKLog] [main]- Pausing ProtocolHandler ["http-nio-8080"]
2022-11-08 11:31:09.354 [INFO ] [org.apache.juli.logging.DirectJDKLog] [main]- Stopping service [Tomcat]
2022-11-08 11:31:09.358 [INFO ] [org.apache.juli.logging.DirectJDKLog] [main]- Stopping ProtocolHandler ["http-nio-8080"]
2022-11-08 11:31:09.358 [INFO ] [org.apache.juli.logging.DirectJDKLog] [main]- Destroying ProtocolHandler ["http-nio-8080"]
2022-11-08 11:31:09.365 [INFO ] [org.springframework.boot.autoconfigure.logging.ConditionEvaluationReportLoggingListener] [main]- 

Error starting ApplicationContext. To display the conditions report re-run your application with 'debug' enabled.
2022-11-08 11:31:09.383 [ERROR] [org.springframework.boot.diagnostics.LoggingFailureAnalysisReporter] [main]- 

***************************
APPLICATION FAILED TO START
***************************

Description:

Web server failed to start. Port 8080 was already in use.

Action:

Identify and stop the process that's listening on port 8080 or configure this application to listen on another port.

2022-11-08 11:33:51.487 [INFO ] [org.hibernate.validator.internal.util.Version] [background-preinit]- HV000001: Hibernate Validator 6.2.5.Final
2022-11-08 11:33:51.519 [INFO ] [org.springframework.boot.StartupInfoLogger] [main]- Starting LibertyFormApiServerApplication using Java 17.0.3 on Hyeongjun-Kim with PID 64740 (C:\가천_카카오_엔터프라이즈\프로젝트\libertyForm-API-Server\build\classes\java\main started by Hyeongjun Kim in C:\가천_카카오_엔터프라이즈\프로젝트\libertyForm-API-Server)
2022-11-08 11:33:51.523 [INFO ] [org.springframework.boot.SpringApplication] [main]- No active profile set, falling back to 1 default profile: "default"
2022-11-08 11:33:52.235 [INFO ] [org.springframework.data.repository.config.RepositoryConfigurationDelegate] [main]- Bootstrapping Spring Data JPA repositories in DEFAULT mode.
2022-11-08 11:33:52.325 [INFO ] [org.springframework.data.repository.config.RepositoryConfigurationDelegate] [main]- Finished Spring Data repository scanning in 83 ms. Found 11 JPA repository interfaces.
2022-11-08 11:33:52.778 [INFO ] [org.springframework.boot.web.embedded.tomcat.TomcatWebServer] [main]- Tomcat initialized with port(s): 8080 (http)
2022-11-08 11:33:52.786 [INFO ] [org.apache.juli.logging.DirectJDKLog] [main]- Initializing ProtocolHandler ["http-nio-8080"]
2022-11-08 11:33:52.786 [INFO ] [org.apache.juli.logging.DirectJDKLog] [main]- Starting service [Tomcat]
2022-11-08 11:33:52.787 [INFO ] [org.apache.juli.logging.DirectJDKLog] [main]- Starting Servlet engine: [Apache Tomcat/9.0.65]
2022-11-08 11:33:52.883 [INFO ] [org.apache.juli.logging.DirectJDKLog] [main]- Initializing Spring embedded WebApplicationContext
2022-11-08 11:33:52.883 [INFO ] [org.springframework.boot.web.servlet.context.ServletWebServerApplicationContext] [main]- Root WebApplicationContext: initialization completed in 1319 ms
2022-11-08 11:33:52.993 [INFO ] [org.hibernate.jpa.internal.util.LogHelper] [main]- HHH000204: Processing PersistenceUnitInfo [name: default]
2022-11-08 11:33:53.026 [INFO ] [org.hibernate.Version] [main]- HHH000412: Hibernate ORM core version 5.6.11.Final
2022-11-08 11:33:53.140 [INFO ] [org.hibernate.annotations.common.reflection.java.JavaReflectionManager] [main]- HCANN000001: Hibernate Commons Annotations {5.1.2.Final}
2022-11-08 11:33:53.209 [INFO ] [com.zaxxer.hikari.HikariDataSource] [main]- HikariPool-1 - Starting...
2022-11-08 11:33:53.495 [INFO ] [com.zaxxer.hikari.HikariDataSource] [main]- HikariPool-1 - Start completed.
2022-11-08 11:33:53.515 [INFO ] [org.hibernate.dialect.Dialect] [main]- HHH000400: Using dialect: org.hibernate.dialect.MySQL57Dialect
2022-11-08 11:33:54.947 [INFO ] [org.hibernate.engine.transaction.jta.platform.internal.JtaPlatformInitiator] [main]- HHH000490: Using JtaPlatform implementation: [org.hibernate.engine.transaction.jta.platform.internal.NoJtaPlatform]
2022-11-08 11:33:54.958 [INFO ] [org.springframework.orm.jpa.AbstractEntityManagerFactoryBean] [main]- Initialized JPA EntityManagerFactory for persistence unit 'default'
2022-11-08 11:33:55.572 [WARN ] [org.springframework.boot.autoconfigure.orm.jpa.JpaBaseConfiguration$JpaWebConfiguration] [main]- spring.jpa.open-in-view is enabled by default. Therefore, database queries may be performed during view rendering. Explicitly configure spring.jpa.open-in-view to disable this warning
2022-11-08 11:33:55.874 [INFO ] [org.apache.juli.logging.DirectJDKLog] [main]- Starting ProtocolHandler ["http-nio-8080"]
2022-11-08 11:33:55.904 [INFO ] [org.springframework.boot.web.embedded.tomcat.TomcatWebServer] [main]- Tomcat started on port(s): 8080 (http) with context path ''
2022-11-08 11:33:56.245 [INFO ] [org.springframework.boot.StartupInfoLogger] [main]- Started LibertyFormApiServerApplication in 5.003 seconds (JVM running for 5.765)
2022-11-08 11:34:28.532 [INFO ] [org.apache.juli.logging.DirectJDKLog] [http-nio-8080-exec-1]- Initializing Spring DispatcherServlet 'dispatcherServlet'
2022-11-08 11:34:28.533 [INFO ] [org.springframework.web.servlet.FrameworkServlet] [http-nio-8080-exec-1]- Initializing Servlet 'dispatcherServlet'
2022-11-08 11:34:28.533 [INFO ] [org.springframework.web.servlet.FrameworkServlet] [http-nio-8080-exec-1]- Completed initialization in 0 ms
2022-11-08 11:34:28.542 [INFO ] [com.example.libertyformapiserver.interceptor.AuthenticationInterceptor] [http-nio-8080-exec-1]- url : /login
2022-11-08 11:34:28.544 [INFO ] [com.example.libertyformapiserver.interceptor.LoggingInterceptor] [http-nio-8080-exec-1]- request : POST response : http://localhost:8080/login
2022-11-08 11:34:28.825 [INFO ] [com.example.libertyformapiserver.controller.LoginController] [http-nio-8080-exec-1]- Login : forceTlight@gmail.com
2022-11-08 11:35:08.666 [INFO ] [com.example.libertyformapiserver.interceptor.AuthenticationInterceptor] [http-nio-8080-exec-2]- url : /login
2022-11-08 11:35:08.666 [INFO ] [com.example.libertyformapiserver.interceptor.LoggingInterceptor] [http-nio-8080-exec-2]- request : POST response : http://localhost:8080/login
2022-11-08 11:35:08.709 [WARN ] [com.example.libertyformapiserver.advice.GlobalExceptionAdvice] [http-nio-8080-exec-2]- Handle CommonException: null
2022-11-08 11:36:12.441 [INFO ] [org.springframework.orm.jpa.AbstractEntityManagerFactoryBean] [SpringApplicationShutdownHook]- Closing JPA EntityManagerFactory for persistence unit 'default'
2022-11-08 11:36:12.442 [INFO ] [com.zaxxer.hikari.HikariDataSource] [SpringApplicationShutdownHook]- HikariPool-1 - Shutdown initiated...
2022-11-08 11:36:12.447 [INFO ] [com.zaxxer.hikari.HikariDataSource] [SpringApplicationShutdownHook]- HikariPool-1 - Shutdown completed.
2022-11-08 11:36:17.664 [INFO ] [org.hibernate.validator.internal.util.Version] [background-preinit]- HV000001: Hibernate Validator 6.2.5.Final
2022-11-08 11:36:17.718 [INFO ] [org.springframework.boot.StartupInfoLogger] [main]- Starting LibertyFormApiServerApplication using Java 17.0.3 on Hyeongjun-Kim with PID 45376 (C:\가천_카카오_엔터프라이즈\프로젝트\libertyForm-API-Server\build\classes\java\main started by Hyeongjun Kim in C:\가천_카카오_엔터프라이즈\프로젝트\libertyForm-API-Server)
2022-11-08 11:36:17.726 [INFO ] [org.springframework.boot.SpringApplication] [main]- No active profile set, falling back to 1 default profile: "default"
2022-11-08 11:36:19.187 [INFO ] [org.springframework.data.repository.config.RepositoryConfigurationDelegate] [main]- Bootstrapping Spring Data JPA repositories in DEFAULT mode.
2022-11-08 11:36:19.340 [INFO ] [org.springframework.data.repository.config.RepositoryConfigurationDelegate] [main]- Finished Spring Data repository scanning in 141 ms. Found 11 JPA repository interfaces.
2022-11-08 11:36:20.007 [INFO ] [org.springframework.boot.web.embedded.tomcat.TomcatWebServer] [main]- Tomcat initialized with port(s): 8080 (http)
2022-11-08 11:36:20.018 [INFO ] [org.apache.juli.logging.DirectJDKLog] [main]- Initializing ProtocolHandler ["http-nio-8080"]
2022-11-08 11:36:20.020 [INFO ] [org.apache.juli.logging.DirectJDKLog] [main]- Starting service [Tomcat]
2022-11-08 11:36:20.020 [INFO ] [org.apache.juli.logging.DirectJDKLog] [main]- Starting Servlet engine: [Apache Tomcat/9.0.65]
2022-11-08 11:36:20.154 [INFO ] [org.apache.juli.logging.DirectJDKLog] [main]- Initializing Spring embedded WebApplicationContext
2022-11-08 11:36:20.154 [INFO ] [org.springframework.boot.web.servlet.context.ServletWebServerApplicationContext] [main]- Root WebApplicationContext: initialization completed in 2369 ms
2022-11-08 11:36:20.309 [INFO ] [org.hibernate.jpa.internal.util.LogHelper] [main]- HHH000204: Processing PersistenceUnitInfo [name: default]
2022-11-08 11:36:20.360 [INFO ] [org.hibernate.Version] [main]- HHH000412: Hibernate ORM core version 5.6.11.Final
2022-11-08 11:36:20.529 [INFO ] [org.hibernate.annotations.common.reflection.java.JavaReflectionManager] [main]- HCANN000001: Hibernate Commons Annotations {5.1.2.Final}
2022-11-08 11:36:20.626 [INFO ] [com.zaxxer.hikari.HikariDataSource] [main]- HikariPool-1 - Starting...
2022-11-08 11:36:21.072 [INFO ] [com.zaxxer.hikari.HikariDataSource] [main]- HikariPool-1 - Start completed.
2022-11-08 11:36:21.097 [INFO ] [org.hibernate.dialect.Dialect] [main]- HHH000400: Using dialect: org.hibernate.dialect.MySQL57Dialect
2022-11-08 11:36:22.885 [INFO ] [org.hibernate.engine.transaction.jta.platform.internal.JtaPlatformInitiator] [main]- HHH000490: Using JtaPlatform implementation: [org.hibernate.engine.transaction.jta.platform.internal.NoJtaPlatform]
2022-11-08 11:36:22.895 [INFO ] [org.springframework.orm.jpa.AbstractEntityManagerFactoryBean] [main]- Initialized JPA EntityManagerFactory for persistence unit 'default'
2022-11-08 11:36:23.545 [WARN ] [org.springframework.boot.autoconfigure.orm.jpa.JpaBaseConfiguration$JpaWebConfiguration] [main]- spring.jpa.open-in-view is enabled by default. Therefore, database queries may be performed during view rendering. Explicitly configure spring.jpa.open-in-view to disable this warning
2022-11-08 11:36:23.889 [INFO ] [org.apache.juli.logging.DirectJDKLog] [main]- Starting ProtocolHandler ["http-nio-8080"]
2022-11-08 11:36:23.910 [INFO ] [org.springframework.boot.web.embedded.tomcat.TomcatWebServer] [main]- Tomcat started on port(s): 8080 (http) with context path ''
2022-11-08 11:36:24.260 [INFO ] [org.springframework.boot.StartupInfoLogger] [main]- Started LibertyFormApiServerApplication in 7.095 seconds (JVM running for 9.392)
2022-11-08 11:36:38.122 [INFO ] [org.apache.juli.logging.DirectJDKLog] [http-nio-8080-exec-1]- Initializing Spring DispatcherServlet 'dispatcherServlet'
2022-11-08 11:36:38.122 [INFO ] [org.springframework.web.servlet.FrameworkServlet] [http-nio-8080-exec-1]- Initializing Servlet 'dispatcherServlet'
2022-11-08 11:36:38.124 [INFO ] [org.springframework.web.servlet.FrameworkServlet] [http-nio-8080-exec-1]- Completed initialization in 1 ms
2022-11-08 11:36:38.133 [INFO ] [com.example.libertyformapiserver.interceptor.AuthenticationInterceptor] [http-nio-8080-exec-1]- url : /login
2022-11-08 11:36:38.136 [INFO ] [com.example.libertyformapiserver.interceptor.LoggingInterceptor] [http-nio-8080-exec-1]- request : POST response : http://localhost:8080/login
2022-11-08 11:36:38.358 [WARN ] [com.example.libertyformapiserver.advice.GlobalExceptionAdvice] [http-nio-8080-exec-1]- Handle CommonException: 비밀번호가 일치하지 않습니다.
2022-11-08 11:37:31.534 [INFO ] [org.springframework.orm.jpa.AbstractEntityManagerFactoryBean] [SpringApplicationShutdownHook]- Closing JPA EntityManagerFactory for persistence unit 'default'
2022-11-08 11:37:31.535 [INFO ] [com.zaxxer.hikari.HikariDataSource] [SpringApplicationShutdownHook]- HikariPool-1 - Shutdown initiated...
2022-11-08 11:37:31.540 [INFO ] [com.zaxxer.hikari.HikariDataSource] [SpringApplicationShutdownHook]- HikariPool-1 - Shutdown completed.
2022-11-08 11:37:35.851 [INFO ] [org.hibernate.validator.internal.util.Version] [background-preinit]- HV000001: Hibernate Validator 6.2.5.Final
2022-11-08 11:37:35.898 [INFO ] [org.springframework.boot.StartupInfoLogger] [main]- Starting LibertyFormApiServerApplication using Java 17.0.3 on Hyeongjun-Kim with PID 35844 (C:\가천_카카오_엔터프라이즈\프로젝트\libertyForm-API-Server\build\classes\java\main started by Hyeongjun Kim in C:\가천_카카오_엔터프라이즈\프로젝트\libertyForm-API-Server)
2022-11-08 11:37:35.903 [INFO ] [org.springframework.boot.SpringApplication] [main]- No active profile set, falling back to 1 default profile: "default"
2022-11-08 11:37:36.938 [INFO ] [org.springframework.data.repository.config.RepositoryConfigurationDelegate] [main]- Bootstrapping Spring Data JPA repositories in DEFAULT mode.
2022-11-08 11:37:37.060 [INFO ] [org.springframework.data.repository.config.RepositoryConfigurationDelegate] [main]- Finished Spring Data repository scanning in 112 ms. Found 11 JPA repository interfaces.
2022-11-08 11:37:37.712 [INFO ] [org.springframework.boot.web.embedded.tomcat.TomcatWebServer] [main]- Tomcat initialized with port(s): 8080 (http)
2022-11-08 11:37:37.722 [INFO ] [org.apache.juli.logging.DirectJDKLog] [main]- Initializing ProtocolHandler ["http-nio-8080"]
2022-11-08 11:37:37.723 [INFO ] [org.apache.juli.logging.DirectJDKLog] [main]- Starting service [Tomcat]
2022-11-08 11:37:37.724 [INFO ] [org.apache.juli.logging.DirectJDKLog] [main]- Starting Servlet engine: [Apache Tomcat/9.0.65]
2022-11-08 11:37:37.896 [INFO ] [org.apache.juli.logging.DirectJDKLog] [main]- Initializing Spring embedded WebApplicationContext
2022-11-08 11:37:37.896 [INFO ] [org.springframework.boot.web.servlet.context.ServletWebServerApplicationContext] [main]- Root WebApplicationContext: initialization completed in 1942 ms
2022-11-08 11:37:38.070 [INFO ] [org.hibernate.jpa.internal.util.LogHelper] [main]- HHH000204: Processing PersistenceUnitInfo [name: default]
2022-11-08 11:37:38.134 [INFO ] [org.hibernate.Version] [main]- HHH000412: Hibernate ORM core version 5.6.11.Final
2022-11-08 11:37:38.332 [INFO ] [org.hibernate.annotations.common.reflection.java.JavaReflectionManager] [main]- HCANN000001: Hibernate Commons Annotations {5.1.2.Final}
2022-11-08 11:37:38.469 [INFO ] [com.zaxxer.hikari.HikariDataSource] [main]- HikariPool-1 - Starting...
2022-11-08 11:37:38.928 [INFO ] [com.zaxxer.hikari.HikariDataSource] [main]- HikariPool-1 - Start completed.
2022-11-08 11:37:38.975 [INFO ] [org.hibernate.dialect.Dialect] [main]- HHH000400: Using dialect: org.hibernate.dialect.MySQL57Dialect
2022-11-08 11:37:40.795 [INFO ] [org.hibernate.engine.transaction.jta.platform.internal.JtaPlatformInitiator] [main]- HHH000490: Using JtaPlatform implementation: [org.hibernate.engine.transaction.jta.platform.internal.NoJtaPlatform]
2022-11-08 11:37:40.803 [INFO ] [org.springframework.orm.jpa.AbstractEntityManagerFactoryBean] [main]- Initialized JPA EntityManagerFactory for persistence unit 'default'
2022-11-08 11:37:41.656 [WARN ] [org.springframework.boot.autoconfigure.orm.jpa.JpaBaseConfiguration$JpaWebConfiguration] [main]- spring.jpa.open-in-view is enabled by default. Therefore, database queries may be performed during view rendering. Explicitly configure spring.jpa.open-in-view to disable this warning
2022-11-08 11:37:42.450 [INFO ] [org.apache.juli.logging.DirectJDKLog] [main]- Starting ProtocolHandler ["http-nio-8080"]
2022-11-08 11:37:42.488 [INFO ] [org.springframework.boot.web.embedded.tomcat.TomcatWebServer] [main]- Tomcat started on port(s): 8080 (http) with context path ''
2022-11-08 11:37:43.139 [INFO ] [org.springframework.boot.StartupInfoLogger] [main]- Started LibertyFormApiServerApplication in 7.654 seconds (JVM running for 9.357)
2022-11-08 11:37:51.104 [INFO ] [org.apache.juli.logging.DirectJDKLog] [http-nio-8080-exec-1]- Initializing Spring DispatcherServlet 'dispatcherServlet'
2022-11-08 11:37:51.104 [INFO ] [org.springframework.web.servlet.FrameworkServlet] [http-nio-8080-exec-1]- Initializing Servlet 'dispatcherServlet'
2022-11-08 11:37:51.106 [INFO ] [org.springframework.web.servlet.FrameworkServlet] [http-nio-8080-exec-1]- Completed initialization in 2 ms
2022-11-08 11:37:51.118 [INFO ] [com.example.libertyformapiserver.interceptor.AuthenticationInterceptor] [http-nio-8080-exec-1]- url : /login
2022-11-08 11:37:51.120 [INFO ] [com.example.libertyformapiserver.interceptor.LoggingInterceptor] [http-nio-8080-exec-1]- request : POST response : http://localhost:8080/login
2022-11-08 11:37:51.458 [WARN ] [com.example.libertyformapiserver.advice.GlobalExceptionAdvice] [http-nio-8080-exec-1]- Handle CommonException: INVALID_PASSWORD
2022-11-08 13:12:39.555 [WARN ] [com.zaxxer.hikari.pool.HikariPool$HouseKeeper] [HikariPool-1 housekeeper]- HikariPool-1 - Thread starvation or clock leap detected (housekeeper delta=5m47s659ms389µs900ns).
2022-11-08 15:08:40.647 [WARN ] [com.zaxxer.hikari.pool.HikariPool$HouseKeeper] [HikariPool-1 housekeeper]- HikariPool-1 - Thread starvation or clock leap detected (housekeeper delta=59m254ms924µs700ns).
2022-11-08 18:07:37.697 [WARN ] [com.zaxxer.hikari.pool.HikariPool$HouseKeeper] [HikariPool-1 housekeeper]- HikariPool-1 - Thread starvation or clock leap detected (housekeeper delta=2h9m53s880ms773µs700ns).
2022-11-08 19:44:51.522 [INFO ] [org.springframework.orm.jpa.AbstractEntityManagerFactoryBean] [SpringApplicationShutdownHook]- Closing JPA EntityManagerFactory for persistence unit 'default'
2022-11-08 19:44:51.536 [INFO ] [com.zaxxer.hikari.HikariDataSource] [SpringApplicationShutdownHook]- HikariPool-1 - Shutdown initiated...
2022-11-08 19:44:51.540 [INFO ] [com.zaxxer.hikari.HikariDataSource] [SpringApplicationShutdownHook]- HikariPool-1 - Shutdown completed.
2022-11-08 19:45:29.767 [INFO ] [org.hibernate.validator.internal.util.Version] [background-preinit]- HV000001: Hibernate Validator 6.2.5.Final
2022-11-08 19:45:29.820 [INFO ] [org.springframework.boot.StartupInfoLogger] [main]- Starting LibertyFormApiServerApplication using Java 17.0.3 on Hyeongjun-Kim with PID 47776 (C:\가천_카카오_엔터프라이즈\프로젝트\libertyForm-API-Server\build\classes\java\main started by Hyeongjun Kim in C:\가천_카카오_엔터프라이즈\프로젝트\libertyForm-API-Server)
2022-11-08 19:45:29.828 [INFO ] [org.springframework.boot.SpringApplication] [main]- No active profile set, falling back to 1 default profile: "default"
2022-11-08 19:45:30.864 [INFO ] [org.springframework.data.repository.config.RepositoryConfigurationDelegate] [main]- Bootstrapping Spring Data JPA repositories in DEFAULT mode.
2022-11-08 19:45:30.981 [INFO ] [org.springframework.data.repository.config.RepositoryConfigurationDelegate] [main]- Finished Spring Data repository scanning in 107 ms. Found 11 JPA repository interfaces.
2022-11-08 19:45:31.633 [INFO ] [org.springframework.boot.web.embedded.tomcat.TomcatWebServer] [main]- Tomcat initialized with port(s): 8080 (http)
2022-11-08 19:45:31.645 [INFO ] [org.apache.juli.logging.DirectJDKLog] [main]- Initializing ProtocolHandler ["http-nio-8080"]
2022-11-08 19:45:31.646 [INFO ] [org.apache.juli.logging.DirectJDKLog] [main]- Starting service [Tomcat]
2022-11-08 19:45:31.646 [INFO ] [org.apache.juli.logging.DirectJDKLog] [main]- Starting Servlet engine: [Apache Tomcat/9.0.65]
2022-11-08 19:45:31.794 [INFO ] [org.apache.juli.logging.DirectJDKLog] [main]- Initializing Spring embedded WebApplicationContext
2022-11-08 19:45:31.795 [INFO ] [org.springframework.boot.web.servlet.context.ServletWebServerApplicationContext] [main]- Root WebApplicationContext: initialization completed in 1918 ms
2022-11-08 19:45:31.967 [INFO ] [org.hibernate.jpa.internal.util.LogHelper] [main]- HHH000204: Processing PersistenceUnitInfo [name: default]
2022-11-08 19:45:32.030 [INFO ] [org.hibernate.Version] [main]- HHH000412: Hibernate ORM core version 5.6.11.Final
2022-11-08 19:45:32.211 [INFO ] [org.hibernate.annotations.common.reflection.java.JavaReflectionManager] [main]- HCANN000001: Hibernate Commons Annotations {5.1.2.Final}
2022-11-08 19:45:32.326 [INFO ] [com.zaxxer.hikari.HikariDataSource] [main]- HikariPool-1 - Starting...
2022-11-08 19:45:32.735 [INFO ] [com.zaxxer.hikari.HikariDataSource] [main]- HikariPool-1 - Start completed.
2022-11-08 19:45:32.766 [INFO ] [org.hibernate.dialect.Dialect] [main]- HHH000400: Using dialect: org.hibernate.dialect.MySQL57Dialect
2022-11-08 19:45:34.316 [INFO ] [org.hibernate.engine.transaction.jta.platform.internal.JtaPlatformInitiator] [main]- HHH000490: Using JtaPlatform implementation: [org.hibernate.engine.transaction.jta.platform.internal.NoJtaPlatform]
2022-11-08 19:45:34.323 [INFO ] [org.springframework.orm.jpa.AbstractEntityManagerFactoryBean] [main]- Initialized JPA EntityManagerFactory for persistence unit 'default'
2022-11-08 19:45:35.507 [WARN ] [org.springframework.boot.autoconfigure.orm.jpa.JpaBaseConfiguration$JpaWebConfiguration] [main]- spring.jpa.open-in-view is enabled by default. Therefore, database queries may be performed during view rendering. Explicitly configure spring.jpa.open-in-view to disable this warning
2022-11-08 19:45:35.907 [INFO ] [org.apache.juli.logging.DirectJDKLog] [main]- Starting ProtocolHandler ["http-nio-8080"]
2022-11-08 19:45:35.929 [INFO ] [org.springframework.boot.web.embedded.tomcat.TomcatWebServer] [main]- Tomcat started on port(s): 8080 (http) with context path ''
2022-11-08 19:45:36.314 [INFO ] [org.springframework.boot.StartupInfoLogger] [main]- Started LibertyFormApiServerApplication in 6.954 seconds (JVM running for 11.97)
2022-11-08 19:46:05.144 [INFO ] [org.springframework.orm.jpa.AbstractEntityManagerFactoryBean] [SpringApplicationShutdownHook]- Closing JPA EntityManagerFactory for persistence unit 'default'
2022-11-08 19:46:05.146 [INFO ] [com.zaxxer.hikari.HikariDataSource] [SpringApplicationShutdownHook]- HikariPool-1 - Shutdown initiated...
2022-11-08 19:46:05.150 [INFO ] [com.zaxxer.hikari.HikariDataSource] [SpringApplicationShutdownHook]- HikariPool-1 - Shutdown completed.
